C:\Users\Azid5\Documents\Arpilabe\ArpilabeApp\ArpilabeApp\ClientApp\dist\out-tsc\e2e\src\app.po.js
C:\Users\Azid5\Documents\Arpilabe\ArpilabeApp\ArpilabeApp\ClientApp\dist\out-tsc\e2e\src\app.po.js.map
C:\Users\Azid5\Documents\Arpilabe\ArpilabeApp\ArpilabeApp\ClientApp\dist\out-tsc\e2e\src\app.e2e-spec.js
C:\Users\Azid5\Documents\Arpilabe\ArpilabeApp\ArpilabeApp\ClientApp\dist\out-tsc\e2e\src\app.e2e-spec.js.map
C:\Users\Azid5\Documents\Arpilabe\ArpilabeApp\ArpilabeApp\ClientApp\dist\out-tsc\src\app\app.module.js
C:\Users\Azid5\Documents\Arpilabe\ArpilabeApp\ArpilabeApp\ClientApp\dist\out-tsc\src\app\app.module.js.map
C:\Users\Azid5\Documents\Arpilabe\ArpilabeApp\ArpilabeApp\ClientApp\dist\out-tsc\src\environments\environment.js
C:\Users\Azid5\Documents\Arpilabe\ArpilabeApp\ArpilabeApp\ClientApp\dist\out-tsc\src\environments\environment.js.map
C:\Users\Azid5\Documents\Arpilabe\ArpilabeApp\ArpilabeApp\ClientApp\dist\out-tsc\src\main.js
C:\Users\Azid5\Documents\Arpilabe\ArpilabeApp\ArpilabeApp\ClientApp\dist\out-tsc\src\main.js.map
C:\Users\Azid5\Documents\Arpilabe\ArpilabeApp\ArpilabeApp\ClientApp\dist\out-tsc\src\polyfills.js
C:\Users\Azid5\Documents\Arpilabe\ArpilabeApp\ArpilabeApp\ClientApp\dist\out-tsc\src\polyfills.js.map
C:\Users\Azid5\Documents\Arpilabe\ArpilabeApp\ArpilabeApp\ClientApp\dist\out-tsc\src\test.js
C:\Users\Azid5\Documents\Arpilabe\ArpilabeApp\ArpilabeApp\ClientApp\dist\out-tsc\src\test.js.map
C:\Users\Azid5\Documents\Arpilabe\ArpilabeApp\ArpilabeApp\ClientApp\dist\out-tsc\src\Services\personne.service.js
C:\Users\Azid5\Documents\Arpilabe\ArpilabeApp\ArpilabeApp\ClientApp\dist\out-tsc\src\Services\personne.service.js.map
C:\Users\Azid5\Documents\Arpilabe\ArpilabeApp\ArpilabeApp\ClientApp\dist\out-tsc\src\Services\personne.service.spec.js
C:\Users\Azid5\Documents\Arpilabe\ArpilabeApp\ArpilabeApp\ClientApp\dist\out-tsc\src\Services\personne.service.spec.js.map
C:\Users\Azid5\Documents\Arpilabe\ArpilabeApp\ArpilabeApp\ClientApp\dist\out-tsc\src\app\personne\personne.component.js
C:\Users\Azid5\Documents\Arpilabe\ArpilabeApp\ArpilabeApp\ClientApp\dist\out-tsc\src\app\personne\personne.component.js.map
C:\Users\Azid5\Documents\Arpilabe\ArpilabeApp\ArpilabeApp\ClientApp\dist\out-tsc\src\app\app-routing.module.js
C:\Users\Azid5\Documents\Arpilabe\ArpilabeApp\ArpilabeApp\ClientApp\dist\out-tsc\src\app\app-routing.module.js.map
C:\Users\Azid5\Documents\Arpilabe\ArpilabeApp\ArpilabeApp\ClientApp\dist\out-tsc\src\app\app.component.js
C:\Users\Azid5\Documents\Arpilabe\ArpilabeApp\ArpilabeApp\ClientApp\dist\out-tsc\src\app\app.component.js.map
C:\Users\Azid5\Documents\Arpilabe\ArpilabeApp\ArpilabeApp\ClientApp\dist\out-tsc\src\app\app.component.spec.js
C:\Users\Azid5\Documents\Arpilabe\ArpilabeApp\ArpilabeApp\ClientApp\dist\out-tsc\src\app\app.component.spec.js.map
C:\Users\Azid5\Documents\Arpilabe\ArpilabeApp\ArpilabeApp\ClientApp\dist\out-tsc\src\app\Models\personne.datamodel.js
C:\Users\Azid5\Documents\Arpilabe\ArpilabeApp\ArpilabeApp\ClientApp\dist\out-tsc\src\app\Models\personne.datamodel.js.map
C:\Users\Azid5\Documents\Arpilabe\ArpilabeApp\ArpilabeApp\ClientApp\dist\out-tsc\src\app\all-personne\all-personne.component.js
C:\Users\Azid5\Documents\Arpilabe\ArpilabeApp\ArpilabeApp\ClientApp\dist\out-tsc\src\app\all-personne\all-personne.component.js.map
C:\Users\Azid5\Documents\Arpilabe\ArpilabeApp\ArpilabeApp\ClientApp\dist\out-tsc\src\app\all-personne\all-personne.component.spec.js
C:\Users\Azid5\Documents\Arpilabe\ArpilabeApp\ArpilabeApp\ClientApp\dist\out-tsc\src\app\all-personne\all-personne.component.spec.js.map
C:\Users\Azid5\Documents\Arpilabe\ArpilabeApp\ArpilabeApp\ClientApp\dist\out-tsc\src\app\personne\personne.component.spec.js
C:\Users\Azid5\Documents\Arpilabe\ArpilabeApp\ArpilabeApp\ClientApp\dist\out-tsc\src\app\personne\personne.component.spec.js.map
C:\Users\Azid5\Documents\Arpilabe\ArpilabeApp\ArpilabeApp\ClientApp\dist\out-tsc\src\environments\environment.prod.js
C:\Users\Azid5\Documents\Arpilabe\ArpilabeApp\ArpilabeApp\ClientApp\dist\out-tsc\src\environments\environment.prod.js.map
